<?xml version="1.0" encoding="UTF-8"?>
<testsuite xmlns:xsi="http://www.w3.org/2001/XMLSchema-instance" xsi:noNamespaceSchemaLocation="https://maven.apache.org/surefire/maven-surefire-plugin/xsd/surefire-test-report-3.0.xsd" version="3.0" name="com.TP.AppTest" time="0.03" tests="1" errors="0" skipped="0" failures="0">
  <properties>
    <property name="java.specification.version" value="20"/>
    <property name="sun.cpu.isalist" value="amd64"/>
    <property name="sun.jnu.encoding" value="Cp1250"/>
    <property name="java.class.path" value="c:\Users\tombu\Desktop\3_semestr\TP\Go2\client-go\target\test-classes;c:\Users\tombu\Desktop\3_semestr\TP\Go2\client-go\target\classes;C:\Users\tombu\.m2\repository\org\openjfx\javafx-controls\17\javafx-controls-17.jar;C:\Users\tombu\.m2\repository\org\openjfx\javafx-controls\17\javafx-controls-17-win.jar;C:\Users\tombu\.m2\repository\org\openjfx\javafx-graphics\17\javafx-graphics-17.jar;C:\Users\tombu\.m2\repository\org\openjfx\javafx-graphics\17\javafx-graphics-17-win.jar;C:\Users\tombu\.m2\repository\org\openjfx\javafx-base\17\javafx-base-17.jar;C:\Users\tombu\.m2\repository\org\openjfx\javafx-base\17\javafx-base-17-win.jar;C:\Users\tombu\.m2\repository\org\openjfx\javafx-fxml\17\javafx-fxml-17.jar;C:\Users\tombu\.m2\repository\org\openjfx\javafx-fxml\17\javafx-fxml-17-win.jar;C:\Users\tombu\.m2\repository\junit\junit\4.11\junit-4.11.jar;C:\Users\tombu\.m2\repository\org\hamcrest\hamcrest-core\1.3\hamcrest-core-1.3.jar;"/>
    <property name="java.vm.vendor" value="Oracle Corporation"/>
    <property name="sun.arch.data.model" value="64"/>
    <property name="user.variant" value=""/>
    <property name="java.vendor.url" value="https://java.oracle.com/"/>
    <property name="user.timezone" value="Europe/Warsaw"/>
    <property name="os.name" value="Windows 11"/>
    <property name="java.vm.specification.version" value="20"/>
    <property name="sun.java.launcher" value="SUN_STANDARD"/>
    <property name="user.country" value="PL"/>
    <property name="sun.boot.library.path" value="C:\Program Files\Java\jdk-20\bin"/>
    <property name="sun.java.command" value="C:\Users\tombu\AppData\Local\Temp\surefire3728306438269110503\surefirebooter-20240123173419609_3.jar C:\Users\tombu\AppData\Local\Temp\surefire3728306438269110503 2024-01-23T17-34-19_471-jvmRun1 surefire-20240123173419609_1tmp surefire_0-20240123173419609_2tmp"/>
    <property name="jdk.debug" value="release"/>
    <property name="surefire.test.class.path" value="c:\Users\tombu\Desktop\3_semestr\TP\Go2\client-go\target\test-classes;c:\Users\tombu\Desktop\3_semestr\TP\Go2\client-go\target\classes;C:\Users\tombu\.m2\repository\org\openjfx\javafx-controls\17\javafx-controls-17.jar;C:\Users\tombu\.m2\repository\org\openjfx\javafx-controls\17\javafx-controls-17-win.jar;C:\Users\tombu\.m2\repository\org\openjfx\javafx-graphics\17\javafx-graphics-17.jar;C:\Users\tombu\.m2\repository\org\openjfx\javafx-graphics\17\javafx-graphics-17-win.jar;C:\Users\tombu\.m2\repository\org\openjfx\javafx-base\17\javafx-base-17.jar;C:\Users\tombu\.m2\repository\org\openjfx\javafx-base\17\javafx-base-17-win.jar;C:\Users\tombu\.m2\repository\org\openjfx\javafx-fxml\17\javafx-fxml-17.jar;C:\Users\tombu\.m2\repository\org\openjfx\javafx-fxml\17\javafx-fxml-17-win.jar;C:\Users\tombu\.m2\repository\junit\junit\4.11\junit-4.11.jar;C:\Users\tombu\.m2\repository\org\hamcrest\hamcrest-core\1.3\hamcrest-core-1.3.jar;"/>
    <property name="sun.cpu.endian" value="little"/>
    <property name="user.home" value="C:\Users\tombu"/>
    <property name="user.language" value="pl"/>
    <property name="java.specification.vendor" value="Oracle Corporation"/>
    <property name="java.version.date" value="2023-04-18"/>
    <property name="java.home" value="C:\Program Files\Java\jdk-20"/>
    <property name="file.separator" value="\"/>
    <property name="basedir" value="c:\Users\tombu\Desktop\3_semestr\TP\Go2\client-go"/>
    <property name="java.vm.compressedOopsMode" value="Zero based"/>
    <property name="line.separator" value="&#10;"/>
    <property name="java.vm.specification.vendor" value="Oracle Corporation"/>
    <property name="java.specification.name" value="Java Platform API Specification"/>
    <property name="surefire.real.class.path" value="C:\Users\tombu\AppData\Local\Temp\surefire3728306438269110503\surefirebooter-20240123173419609_3.jar"/>
    <property name="user.script" value=""/>
    <property name="sun.management.compiler" value="HotSpot 64-Bit Tiered Compilers"/>
    <property name="java.runtime.version" value="20.0.1+9-29"/>
    <property name="user.name" value="tombu"/>
    <property name="stdout.encoding" value="Cp1250"/>
    <property name="path.separator" value=";"/>
    <property name="os.version" value="10.0"/>
    <property name="java.runtime.name" value="Java(TM) SE Runtime Environment"/>
    <property name="file.encoding" value="UTF-8"/>
    <property name="java.vm.name" value="Java HotSpot(TM) 64-Bit Server VM"/>
    <property name="localRepository" value="C:\Users\tombu\.m2\repository"/>
    <property name="java.vendor.url.bug" value="https://bugreport.java.com/bugreport/"/>
    <property name="java.io.tmpdir" value="C:\Users\tombu\AppData\Local\Temp\"/>
    <property name="java.version" value="20.0.1"/>
    <property name="user.dir" value="c:\Users\tombu\Desktop\3_semestr\TP\Go2\client-go"/>
    <property name="os.arch" value="amd64"/>
    <property name="java.vm.specification.name" value="Java Virtual Machine Specification"/>
    <property name="sun.os.patch.level" value=""/>
    <property name="native.encoding" value="Cp1250"/>
    <property name="java.library.path" value="C:\Program Files\Java\jdk-20\bin;C:\WINDOWS\Sun\Java\bin;C:\WINDOWS\system32;C:\WINDOWS;C:\Program Files (x86)\VMware\VMware Player\bin\;C:\Program Files\Common Files\Oracle\Java\javapath;C:\Program Files (x86)\Common Files\Oracle\Java\javapath;C:\Program Files (x86)\Razer Chroma SDK\bin;C:\Program Files\Razer Chroma SDK\bin;C:\Program Files (x86)\Razer\ChromaBroadcast\bin;C:\Program Files\Razer\ChromaBroadcast\bin;C:\Windows\system32;C:\Windows;C:\Windows\System32\Wbem;C:\Windows\System32\WindowsPowerShell\v1.0\;C:\Windows\System32\OpenSSH\;C:\Program Files (x86)\NVIDIA Corporation\PhysX\Common;C:\Windows\system32\config\systemprofile\AppData\Local\Microsoft\WindowsApps;C:\WINDOWS\system32;C:\WINDOWS;C:\WINDOWS\System32\Wbem;C:\WINDOWS\System32\WindowsPowerShell\v1.0\;C:\WINDOWS\System32\OpenSSH\;C:\Program Files\Java\jdk-20\bin;C;C:\Program Files\NVIDIA Corporation\NVIDIA NvDLISR;C:\Program Files\Maven\bin;C:\pmd-bin-7.0.0-rc4\bin;C:\Program Files\Git\cmd;C:\Program Files\TortoiseSVN\bin;C:\Users\tombu\AppData\Local\Microsoft\WindowsApps;C:\Users\tombu\AppData\Local\Programs\Microsoft VS Code\bin;C:\Program Files\MinGW\bin;C:\MinGW\bin;C:\Program Files\Maven\apache-maven-3.9.5\bin;C:\Users\tombu\AppData\Local\GitHubDesktop\bin;C:\pmd-bin-7.0.0-rc4\bin;C:\Program Files\MariaDB 11.1\bin;C:\Program Files\mongosh\;."/>
    <property name="java.vm.info" value="mixed mode, sharing"/>
    <property name="stderr.encoding" value="Cp1250"/>
    <property name="java.vendor" value="Oracle Corporation"/>
    <property name="java.vm.version" value="20.0.1+9-29"/>
    <property name="sun.io.unicode.encoding" value="UnicodeLittle"/>
    <property name="java.class.version" value="64.0"/>
  </properties>
  <testcase name="shouldAnswerWithTrue" classname="com.TP.AppTest" time="0.002"/>
</testsuite>